{"level":"info","message":"Server is listening on port 3000","timestamp":"2022-03-07T07:25:53.546Z"}
{"level":"info","message":"Server is listening on port 3000","timestamp":"2022-03-07T07:28:47.843Z"}
{"level":"info","message":"Server is listening on port 3000","timestamp":"2022-03-07T08:05:03.556Z"}
{"level":"info","message":"Server is listening on port 3000","timestamp":"2022-03-07T08:18:15.147Z"}
{"level":"info","message":"Server is listening on port 3000","timestamp":"2022-03-07T08:18:32.097Z"}
{"level":"info","message":"Server is listening on port 3000","timestamp":"2022-03-07T08:44:27.287Z"}
{"level":"info","message":"Server is listening on port 3000","timestamp":"2022-03-07T08:45:54.988Z"}
{"level":"info","message":"Server is listening on port 3000","timestamp":"2022-03-07T08:47:18.395Z"}
{"level":"info","message":"Server is listening on port 3000","timestamp":"2022-03-07T08:47:27.647Z"}
{"level":"info","message":"Server is listening on port 3000","timestamp":"2022-03-07T08:47:49.291Z"}
{"level":"info","message":"Server is listening on port 3000","timestamp":"2022-03-07T08:48:26.992Z"}
{"level":"info","message":"Server is listening on port 3000","timestamp":"2022-03-07T08:50:09.814Z"}
{"level":"info","message":"Server is listening on port 3000","timestamp":"2022-03-07T08:50:27.346Z"}
{"level":"info","message":"Server is listening on port 3000","timestamp":"2022-03-07T08:51:41.057Z"}
{"level":"info","message":"Server is listening on port 3000","timestamp":"2022-03-07T08:51:52.744Z"}
{"level":"info","message":"Server is listening on port 3000","timestamp":"2022-03-07T08:52:02.430Z"}
{"level":"info","message":"Server is listening on port 3000","timestamp":"2022-03-07T08:52:14.883Z"}
{"level":"info","message":"Server is listening on port 3000","timestamp":"2022-03-07T09:02:12.957Z"}
{"level":"info","message":"Server is listening on port 3000","timestamp":"2022-03-07T09:02:51.066Z"}
{"level":"info","message":"Server is listening on port 3000","timestamp":"2022-03-07T09:03:03.764Z"}
{"level":"info","message":"Server is listening on port 3000","timestamp":"2022-03-07T09:03:16.575Z"}
{"level":"info","message":"Server is listening on port 3000","timestamp":"2022-03-07T09:03:55.473Z"}
{"level":"info","message":"Server is listening on port 3000","timestamp":"2022-03-07T09:04:01.336Z"}
{"level":"info","message":"Server is listening on port 3000","timestamp":"2022-03-07T09:05:08.236Z"}
{"level":"info","message":"Server is listening on port 3000","timestamp":"2022-03-07T09:06:39.693Z"}
{"level":"info","message":"Server is listening on port 3000","timestamp":"2022-03-07T09:07:18.982Z"}
{"level":"info","message":"Server is listening on port 3000","timestamp":"2022-03-07T09:07:51.705Z"}
{"level":"info","message":"Server is listening on port 3000","timestamp":"2022-03-07T09:08:15.715Z"}
{"level":"info","message":"Server is listening on port 3000","timestamp":"2022-03-07T09:08:34.469Z"}
{"level":"info","message":"Server is listening on port 3000","timestamp":"2022-03-07T09:09:03.688Z"}
{"level":"info","message":"Server is listening on port 3000","timestamp":"2022-03-07T09:09:14.849Z"}
{"level":"info","message":"Server is listening on port 3000","timestamp":"2022-03-07T09:09:35.227Z"}
{"level":"info","message":"Server is listening on port 3000","timestamp":"2022-03-07T09:10:44.409Z"}
{"level":"info","message":"Server is listening on port 3000","timestamp":"2022-03-07T09:15:05.410Z"}
{"level":"info","message":"Server is listening on port 3000","timestamp":"2022-03-07T09:31:51.019Z"}
{"level":"info","message":"Server is listening on port 3000","timestamp":"2022-03-07T09:32:05.084Z"}
{"level":"info","message":"Server is listening on port 3000","timestamp":"2022-03-07T09:32:52.504Z"}
{"level":"info","message":"Server is listening on port 3000","timestamp":"2022-03-07T09:33:07.924Z"}
{"level":"info","message":"Server is listening on port 3000","timestamp":"2022-03-07T09:33:35.556Z"}
{"level":"info","message":"Server is listening on port 3000","timestamp":"2022-03-07T09:34:31.394Z"}
{"level":"info","message":"Server is listening on port 3000","timestamp":"2022-03-07T09:34:44.673Z"}
{"level":"info","message":"Server is listening on port 3000","timestamp":"2022-03-07T09:35:36.951Z"}
{"level":"info","message":"Server is listening on port 3000","timestamp":"2022-03-07T09:36:14.093Z"}
{"level":"info","message":"Server is listening on port 3000","timestamp":"2022-03-07T09:36:34.162Z"}
{"level":"info","message":"Server is listening on port 3000","timestamp":"2022-03-07T09:36:48.537Z"}
{"level":"info","message":"Server is listening on port 3000","timestamp":"2022-03-07T09:37:00.593Z"}
{"level":"info","message":"Server is listening on port 3000","timestamp":"2022-03-07T09:37:27.775Z"}
{"level":"info","message":"Server is listening on port 3000","timestamp":"2022-03-07T09:40:07.716Z"}
{"level":"info","message":"Server is listening on port 3000","timestamp":"2022-03-07T09:40:17.134Z"}
{"level":"info","message":"Server is listening on port 3000","timestamp":"2022-03-07T09:40:37.405Z"}
{"level":"info","message":"Server is listening on port 3000","timestamp":"2022-03-07T09:41:00.207Z"}
{"level":"info","message":"Server is listening on port 3000","timestamp":"2022-03-07T09:41:16.891Z"}
{"level":"info","message":"Server is listening on port 3000","timestamp":"2022-03-07T09:41:28.244Z"}
{"level":"info","message":"Server is listening on port 3000","timestamp":"2022-03-07T09:41:46.204Z"}
{"level":"info","message":"Server is listening on port 3000","timestamp":"2022-03-07T09:42:05.541Z"}
{"level":"info","message":"Server is listening on port 3000","timestamp":"2022-03-07T09:42:12.941Z"}
{"level":"info","message":"Server is listening on port 3000","timestamp":"2022-03-07T09:42:32.509Z"}
{"level":"info","message":"Server is listening on port 3000","timestamp":"2022-03-07T09:42:46.848Z"}
{"level":"info","message":"Server is listening on port 3000","timestamp":"2022-03-07T09:42:57.028Z"}
{"level":"info","message":"Server is listening on port 3000","timestamp":"2022-03-07T09:43:17.649Z"}
{"level":"info","message":"Server is listening on port 3000","timestamp":"2022-03-07T09:43:50.008Z"}
{"level":"info","message":"Server is listening on port 3000","timestamp":"2022-03-07T09:43:57.902Z"}
{"level":"info","message":"Server is listening on port 3000","timestamp":"2022-03-07T09:44:18.690Z"}
{"level":"info","message":"Server is listening on port 3000","timestamp":"2022-03-07T09:44:41.422Z"}
{"level":"info","message":"Server is listening on port 3000","timestamp":"2022-03-07T09:45:19.888Z"}
{"level":"info","message":"Server is listening on port 3000","timestamp":"2022-03-07T09:45:45.780Z"}
{"level":"info","message":"Server is listening on port 3000","timestamp":"2022-03-07T09:46:00.640Z"}
{"level":"info","message":"Server is listening on port 3000","timestamp":"2022-03-07T09:46:25.140Z"}
{"level":"info","message":"Server is listening on port 3000","timestamp":"2022-03-07T09:48:38.136Z"}
{"level":"info","message":"Server is listening on port 3000","timestamp":"2022-03-07T09:49:55.950Z"}
{"level":"info","message":"Server is listening on port 3000","timestamp":"2022-03-07T09:50:05.261Z"}
{"level":"info","message":"Server is listening on port 3000","timestamp":"2022-03-07T09:50:50.536Z"}
{"level":"info","message":"Server is listening on port 3000","timestamp":"2022-03-07T09:51:03.799Z"}
{"level":"info","message":"Server is listening on port 3000","timestamp":"2022-03-07T09:51:14.977Z"}
{"level":"info","message":"Server is listening on port 3000","timestamp":"2022-03-07T09:51:47.262Z"}
{"level":"info","message":"Server is listening on port 3000","timestamp":"2022-03-07T09:52:05.530Z"}
{"level":"info","message":"Server is listening on port 3000","timestamp":"2022-03-07T09:54:16.615Z"}
{"level":"info","message":"Server is listening on port 3000","timestamp":"2022-03-07T09:56:15.813Z"}
{"level":"info","message":"Server is listening on port 3000","timestamp":"2022-03-07T09:56:53.577Z"}
{"level":"info","message":"Server is listening on port 3000","timestamp":"2022-03-07T09:57:08.677Z"}
{"level":"info","message":"Server is listening on port 3000","timestamp":"2022-03-07T09:59:14.304Z"}
{"level":"info","message":"Server is listening on port 3000","timestamp":"2022-03-07T10:00:46.983Z"}
{"level":"info","message":"Server is listening on port 3000","timestamp":"2022-03-07T10:35:06.221Z"}
{"level":"info","message":"Server is listening on port 3000","timestamp":"2022-03-07T10:49:10.810Z"}
{"level":"info","message":"Server is listening on port 3000","timestamp":"2022-03-07T10:52:03.225Z"}
{"level":"info","message":"Server is listening on port 3000","timestamp":"2022-03-07T10:52:26.829Z"}
{"level":"info","message":"Server is listening on port 3000","timestamp":"2022-03-07T10:52:44.791Z"}
{"level":"info","message":"Server is listening on port 3000","timestamp":"2022-03-07T10:53:21.869Z"}
{"level":"info","message":"Server is listening on port 3000","timestamp":"2022-03-07T10:54:31.960Z"}
{"level":"info","message":"Server is listening on port 3000","timestamp":"2022-03-07T10:55:36.875Z"}
{"level":"info","message":"Server is listening on port 3000","timestamp":"2022-03-07T10:55:45.981Z"}
{"level":"info","message":"Server is listening on port 3000","timestamp":"2022-03-07T10:55:54.176Z"}
{"level":"info","message":"Server is listening on port 3000","timestamp":"2022-03-07T10:56:17.061Z"}
{"level":"info","message":"Server is listening on port 3000","timestamp":"2022-03-07T10:56:33.067Z"}
{"level":"info","message":"Server is listening on port 3000","timestamp":"2022-03-07T10:56:44.534Z"}
{"level":"info","message":"Server is listening on port 3000","timestamp":"2022-03-08T04:51:05.214Z"}
{"level":"info","message":"Server is listening on port 3000","timestamp":"2022-03-08T12:21:00.800Z"}
{"level":"info","message":"Server is listening on port 3000","timestamp":"2022-03-08T12:24:55.970Z"}
{"level":"info","message":"Server is listening on port 3000","timestamp":"2022-03-08T12:25:09.344Z"}
{"level":"info","message":"Server is listening on port 3000","timestamp":"2022-03-08T12:25:30.618Z"}
{"level":"info","message":"Server is listening on port 3000","timestamp":"2022-03-08T12:25:45.580Z"}
{"level":"info","message":"Server is listening on port 3000","timestamp":"2022-03-08T12:25:54.945Z"}
{"level":"info","message":"Server is listening on port 3000","timestamp":"2022-03-08T12:29:55.316Z"}
{"level":"info","message":"Server is listening on port 3000","timestamp":"2022-03-08T12:37:37.468Z"}
{"level":"info","message":"Server is listening on port 3000","timestamp":"2022-03-08T12:38:17.752Z"}
{"level":"error","message":"Bad Request","timestamp":"2022-03-08T12:39:45.571Z"}
{"level":"info","message":"Server is listening on port 3000","timestamp":"2022-03-08T12:41:02.812Z"}
{"level":"info","message":"Server is listening on port 3000","timestamp":"2022-03-08T12:44:36.112Z"}
{"level":"info","message":"Server is listening on port 3000","timestamp":"2022-03-08T12:44:54.099Z"}
{"level":"info","message":"Server is listening on port 3000","timestamp":"2022-03-08T12:45:41.287Z"}
{"level":"info","message":"Server is listening on port 3000","timestamp":"2022-03-08T12:46:21.702Z"}
{"level":"error","message":"Bad Request at creating new task","timestamp":"2022-03-08T12:46:32.978Z"}
{"level":"info","message":"Server is listening on port 3000","timestamp":"2022-03-08T12:47:25.183Z"}
{"level":"info","message":"Server is listening on port 3000","timestamp":"2022-03-08T12:47:42.398Z"}
{"level":"error","message":"Required list name ","timestamp":"2022-03-08T12:47:45.873Z"}
{"level":"info","message":"Server is listening on port 3000","timestamp":"2022-03-08T12:51:10.844Z"}
{"level":"info","message":"Server is listening on port 3000","timestamp":"2022-03-09T04:17:06.668Z"}
{"level":"info","message":"Server is listening on port 3000","timestamp":"2022-03-09T04:17:38.609Z"}
{"level":"info","message":"Server is listening on port 3000","timestamp":"2022-03-09T04:17:49.789Z"}
{"level":"info","message":"Server is listening on port 3000","timestamp":"2022-03-09T04:18:36.394Z"}
{"level":"info","message":"Server is listening on port 3000","timestamp":"2022-03-09T04:18:53.810Z"}
{"level":"info","message":"Server is listening on port 3000","timestamp":"2022-03-09T04:19:22.746Z"}
{"level":"info","message":"Server is listening on port 3000","timestamp":"2022-03-09T04:19:40.714Z"}
{"level":"info","message":"Server is listening on port 3000","timestamp":"2022-03-09T04:20:23.449Z"}
{"level":"info","message":"Server is listening on port 3000","timestamp":"2022-03-09T04:20:48.348Z"}
{"level":"info","message":"Server is listening on port 3000","timestamp":"2022-03-09T04:20:59.302Z"}
{"level":"info","message":"Server is listening on port 3000","timestamp":"2022-03-09T04:21:12.494Z"}
{"level":"info","message":"Server is listening on port 3000","timestamp":"2022-03-09T04:21:25.189Z"}
{"level":"info","message":"Server is listening on port 3000","timestamp":"2022-03-09T04:21:35.618Z"}
{"level":"info","message":"List Name updated successfully","timestamp":"2022-03-09T04:24:12.073Z"}
{"level":"info","message":"List Name updated successfully","timestamp":"2022-03-09T04:24:14.690Z"}
{"level":"info","message":"List Name updated successfully","timestamp":"2022-03-09T04:24:26.865Z"}
{"level":"info","message":"List Name updated successfully","timestamp":"2022-03-09T04:24:49.812Z"}
{"level":"info","message":"List Name updated successfully","timestamp":"2022-03-09T04:24:50.306Z"}
{"level":"info","message":"Server is listening on port 3000","timestamp":"2022-03-09T04:26:09.962Z"}
{"level":"info","message":"Server is listening on port 3000","timestamp":"2022-03-09T04:26:16.761Z"}
{"level":"info","message":"Server is listening on port 3000","timestamp":"2022-03-09T04:26:36.347Z"}
{"level":"info","message":"Server is listening on port 3000","timestamp":"2022-03-09T04:27:03.782Z"}
{"level":"info","message":"List Name updated successfully","timestamp":"2022-03-09T04:27:13.732Z"}
{"level":"info","message":"Server is listening on port 3000","timestamp":"2022-03-09T04:28:00.899Z"}
{"level":"info","message":"Server is listening on port 3000","timestamp":"2022-03-09T04:28:12.346Z"}
{"level":"info","message":"Tasks from 62274accc4138017b53c2dbc were deleted!","timestamp":"2022-03-09T04:28:39.940Z"}
{"level":"info","message":"Server is listening on port 3000","timestamp":"2022-03-09T04:29:48.109Z"}
{"level":"info","message":"Server is listening on port 3000","timestamp":"2022-03-09T04:30:54.216Z"}
{"level":"info","message":"Tasks from 6221a1a1353baa9e7b9d92b8 were deleted!","timestamp":"2022-03-09T04:31:12.177Z"}
{"level":"info","message":"Server is listening on port 3000","timestamp":"2022-03-09T04:31:35.825Z"}
{"level":"info","message":"Server is listening on port 3000","timestamp":"2022-03-09T04:32:33.101Z"}
{"level":"info","message":"Server is listening on port 3000","timestamp":"2022-03-09T04:32:44.007Z"}
{"level":"info","message":"Server is listening on port 3000","timestamp":"2022-03-09T04:33:18.082Z"}
{"level":"info","message":"List name updated Successfully","timestamp":"2022-03-09T04:33:29.925Z"}
{"level":"info","message":"Server is listening on port 3000","timestamp":"2022-03-09T04:37:01.141Z"}
{"level":"info","message":"Server is listening on port 3000","timestamp":"2022-03-09T04:37:10.400Z"}
{"level":"info","message":"Server is listening on port 3000","timestamp":"2022-03-09T04:37:22.687Z"}
{"level":"info","message":"New List Created Successfully","timestamp":"2022-03-09T04:37:36.704Z"}
{"level":"info","message":"Server is listening on port 3000","timestamp":"2022-03-09T04:38:42.126Z"}
{"level":"info","message":"Tasks from 62282f1070fc1420b2871ccd were deleted!","timestamp":"2022-03-09T04:38:49.087Z"}
{"level":"info","message":"New List{\n  title: 'new list',\n  _userId: new ObjectId(\"621791d55acb95e68b2bbe72\"),\n  _id: new ObjectId(\"62282f60f0d5306198ceff4c\"),\n  __v: 0\n}Created Successfully","timestamp":"2022-03-09T04:38:57.088Z"}
{"level":"info","message":"Server is listening on port 3000","timestamp":"2022-03-09T04:39:46.573Z"}
{"level":"info","message":"Tasks from 62282f60f0d5306198ceff4c were deleted!","timestamp":"2022-03-09T04:39:50.810Z"}
{"level":"info","message":"New ListnewCreated Successfully","timestamp":"2022-03-09T04:39:59.034Z"}
{"level":"info","message":"Server is listening on port 3000","timestamp":"2022-03-09T04:40:33.336Z"}
{"level":"info","message":"Server is listening on port 3000","timestamp":"2022-03-09T04:44:28.604Z"}
{"level":"info","message":"Server is listening on port 3000","timestamp":"2022-03-09T04:45:15.894Z"}
{"level":"info","message":"Server is listening on port 3000","timestamp":"2022-03-09T04:45:41.166Z"}
{"level":"info","message":"Server is listening on port 3000","timestamp":"2022-03-09T04:46:05.898Z"}
{"level":"info","message":"Server is listening on port 3000","timestamp":"2022-03-09T04:46:19.442Z"}
{"level":"info","message":"Server is listening on port 3000","timestamp":"2022-03-09T04:46:46.049Z"}
{"level":"info","message":"Server is listening on port 3000","timestamp":"2022-03-09T04:47:36.826Z"}
{"level":"info","message":"Server is listening on port 3000","timestamp":"2022-03-09T04:49:09.133Z"}
{"level":"info","message":"Server is listening on port 3000","timestamp":"2022-03-09T04:49:21.725Z"}
{"level":"info","message":"Fetching the tasks","timestamp":"2022-03-09T04:49:23.782Z"}
{"level":"info","message":"Server is listening on port 3000","timestamp":"2022-03-09T04:50:08.460Z"}
{"level":"info","message":"Server is listening on port 3000","timestamp":"2022-03-09T04:51:00.417Z"}
{"level":"info","message":"Server is listening on port 3000","timestamp":"2022-03-09T04:51:48.038Z"}
{"level":"info","message":"Server is listening on port 3000","timestamp":"2022-03-09T04:52:03.623Z"}
{"level":"info","message":"Server is listening on port 3000","timestamp":"2022-03-09T04:52:48.060Z"}
{"level":"info","message":"Server is listening on port 3000","timestamp":"2022-03-09T04:52:54.739Z"}
{"level":"info","message":"Server is listening on port 3000","timestamp":"2022-03-09T04:55:15.693Z"}
{"level":"info","message":"Server is listening on port 3000","timestamp":"2022-03-09T04:55:39.276Z"}
{"level":"info","message":"Server is listening on port 3000","timestamp":"2022-03-09T04:56:03.194Z"}
{"level":"info","message":"Server is listening on port 3000","timestamp":"2022-03-09T04:57:25.895Z"}
{"level":"info","message":"Task CreatednodeSuccessfully","timestamp":"2022-03-09T04:57:30.785Z"}
{"level":"info","message":"Server is listening on port 3000","timestamp":"2022-03-09T04:58:14.378Z"}
{"level":"info","message":"Server is listening on port 3000","timestamp":"2022-03-09T04:59:13.908Z"}
{"level":"info","message":"Server is listening on port 3000","timestamp":"2022-03-09T05:00:00.086Z"}
{"level":"info","message":"Server is listening on port 3000","timestamp":"2022-03-09T05:00:32.600Z"}
{"level":"info","message":"Server is listening on port 3000","timestamp":"2022-03-09T05:01:11.549Z"}
{"level":"info","message":"Task Created{\n  title: 'songs',\n  _listId: '62282f9e42e6da4e974c7a77',\n  completed: false,\n  _id: new ObjectId(\"622834aa7aed40e20c0998f3\"),\n  __v: 0\n}Successfully","timestamp":"2022-03-09T05:01:30.291Z"}
{"level":"info","message":"Server is listening on port 3000","timestamp":"2022-03-09T05:02:13.869Z"}
{"level":"info","message":"Task CreatedmoviesSuccessfully","timestamp":"2022-03-09T05:02:25.395Z"}
{"level":"info","message":"Server is listening on port 3000","timestamp":"2022-03-09T05:03:00.952Z"}
{"level":"info","message":"Server is listening on port 3000","timestamp":"2022-03-09T05:03:48.274Z"}
{"level":"info","message":"Server is listening on port 3000","timestamp":"2022-03-09T05:03:53.891Z"}
{"level":"info","message":"Server is listening on port 3000","timestamp":"2022-03-09T05:04:00.309Z"}
{"level":"info","message":"Server is listening on port 3000","timestamp":"2022-03-09T05:04:13.793Z"}
{"level":"info","message":"Server is listening on port 3000","timestamp":"2022-03-09T05:12:45.662Z"}
{"level":"info","message":"Server is listening on port 3000","timestamp":"2022-03-09T05:13:16.161Z"}
{"level":"info","message":"Server is listening on port 3000","timestamp":"2022-03-09T05:13:32.506Z"}
{"level":"info","message":"Usertest@test.comlogged in Successfully","timestamp":"2022-03-09T05:13:49.779Z"}
{"level":"info","message":"Server is listening on port 3000","timestamp":"2022-03-09T05:14:21.821Z"}
{"level":"info","message":"Server is listening on port 3000","timestamp":"2022-03-09T05:14:53.577Z"}
{"level":"info","message":"Server is listening on port 3000","timestamp":"2022-03-09T05:15:05.718Z"}
{"level":"info","message":"Server is listening on port 3000","timestamp":"2022-03-09T05:16:24.061Z"}
{"level":"info","message":"Server is listening on port 3000","timestamp":"2022-03-09T05:17:03.121Z"}
{"level":"info","message":"Server is listening on port 3000","timestamp":"2022-03-09T05:17:45.891Z"}
{"level":"info","message":"Server is listening on port 3000","timestamp":"2022-03-09T05:17:51.887Z"}
{"level":"info","message":"Server is listening on port 3000","timestamp":"2022-03-09T05:19:22.419Z"}
{"level":"info","message":"Server is listening on port 3000","timestamp":"2022-03-09T05:19:42.543Z"}
{"level":"info","message":"New List list 1 Created Successfully","timestamp":"2022-03-09T05:23:11.327Z"}
{"level":"info","message":"Server is listening on port 3000","timestamp":"2022-03-09T05:24:25.761Z"}
{"level":"info","message":"Server is listening on port 3000","timestamp":"2022-03-09T05:24:47.512Z"}
{"level":"info","message":"Server is listening on port 3000","timestamp":"2022-03-09T05:24:54.277Z"}
{"level":"info","message":"Server is listening on port 3000","timestamp":"2022-03-09T05:31:09.466Z"}
{"level":"info","message":"Server is listening on port 3000","timestamp":"2022-03-09T05:39:38.452Z"}
{"level":"info","message":"Server is listening on port 3000","timestamp":"2022-03-09T05:39:50.728Z"}
{"level":"info","message":"Server is listening on port 3000","timestamp":"2022-03-09T05:39:59.760Z"}
{"level":"info","message":"Server is listening on port 3000","timestamp":"2022-03-09T05:40:08.301Z"}
{"level":"info","message":"Server is listening on port 3000","timestamp":"2022-03-09T05:40:28.249Z"}
{"level":"info","message":"User new2@gmail.com logged in Successfully","timestamp":"2022-03-09T05:41:04.371Z"}
{"level":"info","message":"Logged in Successfully","timestamp":"2022-03-09T05:41:04.459Z"}
{"level":"info","message":"Server is listening on port 3000","timestamp":"2022-03-09T05:41:55.732Z"}
{"level":"info","message":"Server is listening on port 3000","timestamp":"2022-03-09T05:44:57.536Z"}
{"level":"info","message":"Server is listening on port 3000","timestamp":"2022-03-09T05:45:30.870Z"}
{"level":"info","message":"Server is listening on port 3000","timestamp":"2022-03-09T05:45:35.507Z"}
{"level":"info","message":"Fetching the lists from DB","timestamp":"2022-03-09T05:45:36.499Z"}
{"level":"info","message":"User test@test.com logged in Successfully","timestamp":"2022-03-09T05:46:03.369Z"}
{"level":"info","message":"Fetching the lists from DB","timestamp":"2022-03-09T05:46:03.495Z"}
{"level":"info","message":"Server is listening on port 3000","timestamp":"2022-03-09T05:47:06.572Z"}
{"level":"info","message":"User test@test.com logged in Successfully","timestamp":"2022-03-09T05:47:24.180Z"}
{"level":"info","message":"Server is listening on port 3000","timestamp":"2022-03-09T05:48:14.870Z"}
{"level":"info","message":"Server is listening on port 3000","timestamp":"2022-03-09T05:48:47.597Z"}
{"level":"info","message":"Server is listening on port 3000","timestamp":"2022-03-09T05:49:09.789Z"}
{"level":"info","message":"Server is listening on port 3000","timestamp":"2022-03-09T05:49:25.507Z"}
{"level":"info","message":"Fetching the lists of {\n  _id: new ObjectId(\"621877d2d7f29144f2e7eb4b\"),\n  title: 'list 3',\n  _userId: new ObjectId(\"621791d55acb95e68b2bbe72\"),\n  __v: 0\n},{\n  _id: new ObjectId(\"62208097ccef1144ec4fca55\"),\n  title: 'list 4',\n  _userId: new ObjectId(\"621791d55acb95e68b2bbe72\"),\n  __v: 0\n},{\n  _id: new ObjectId(\"6220a20c2e8039133337921f\"),\n  title: 'list 6',\n  _userId: new ObjectId(\"621791d55acb95e68b2bbe72\"),\n  __v: 0\n},{\n  _id: new ObjectId(\"62282f9e42e6da4e974c7a77\"),\n  title: 'new',\n  _userId: new ObjectId(\"621791d55acb95e68b2bbe72\"),\n  __v: 0\n}from DB","timestamp":"2022-03-09T05:49:29.870Z"}
{"level":"info","message":"Fetching the lists of {\n  _id: new ObjectId(\"621877d2d7f29144f2e7eb4b\"),\n  title: 'list 3',\n  _userId: new ObjectId(\"621791d55acb95e68b2bbe72\"),\n  __v: 0\n},{\n  _id: new ObjectId(\"62208097ccef1144ec4fca55\"),\n  title: 'list 4',\n  _userId: new ObjectId(\"621791d55acb95e68b2bbe72\"),\n  __v: 0\n},{\n  _id: new ObjectId(\"6220a20c2e8039133337921f\"),\n  title: 'list 6',\n  _userId: new ObjectId(\"621791d55acb95e68b2bbe72\"),\n  __v: 0\n},{\n  _id: new ObjectId(\"62282f9e42e6da4e974c7a77\"),\n  title: 'new',\n  _userId: new ObjectId(\"621791d55acb95e68b2bbe72\"),\n  __v: 0\n}from DB","timestamp":"2022-03-09T05:49:32.238Z"}
{"level":"info","message":"Server is listening on port 3000","timestamp":"2022-03-09T05:50:28.055Z"}
{"level":"info","message":"Server is listening on port 3000","timestamp":"2022-03-09T05:50:59.516Z"}
{"level":"info","message":"Server is listening on port 3000","timestamp":"2022-03-09T05:51:32.023Z"}
{"level":"info","message":"Server is listening on port 3000","timestamp":"2022-03-09T05:52:12.099Z"}
{"level":"info","message":"Server is listening on port 3000","timestamp":"2022-03-09T07:20:56.759Z"}
{"level":"info","message":"Server is listening on port 3000","timestamp":"2022-03-09T07:21:36.556Z"}
{"level":"info","message":"Fetching the lists of from DB","timestamp":"2022-03-09T07:22:04.653Z"}
{"level":"info","message":"Fetching the lists of from DB","timestamp":"2022-03-09T07:22:06.754Z"}
{"level":"info","message":"Server is listening on port 3000","timestamp":"2022-03-09T07:22:52.688Z"}
{"level":"info","message":"Server is listening on port 3000","timestamp":"2022-03-09T07:26:59.520Z"}
{"level":"info","message":"Server is listening on port 3000","timestamp":"2022-03-09T07:27:16.293Z"}
{"level":"info","message":"Server is listening on port 3000","timestamp":"2022-03-09T07:27:41.103Z"}
{"level":"info","message":"Fetching the lists of from DB","timestamp":"2022-03-09T07:27:45.770Z"}
{"level":"info","message":"Fetching the lists of from DB","timestamp":"2022-03-09T07:30:10.052Z"}
{"level":"info","message":"New List new list Created Successfully","timestamp":"2022-03-09T07:33:24.786Z"}
{"level":"info","message":"Fetching the tasks of from DB","timestamp":"2022-03-09T07:33:24.858Z"}
{"level":"info","message":"Fetching the lists of from DB","timestamp":"2022-03-09T07:33:24.862Z"}
{"level":"info","message":"Task Created new task Successfully","timestamp":"2022-03-09T07:34:26.575Z"}
{"level":"info","message":"Fetching the lists of from DB","timestamp":"2022-03-09T07:34:26.650Z"}
{"level":"info","message":"Fetching the tasks of from DB","timestamp":"2022-03-09T07:34:26.654Z"}
{"level":"info","message":"Server is listening on port 3000","timestamp":"2022-03-09T07:35:33.354Z"}
{"level":"info","message":"Server is listening on port 3000","timestamp":"2022-03-09T07:35:42.902Z"}
{"level":"info","message":"Server is listening on port 3000","timestamp":"2022-03-09T07:37:16.576Z"}
{"level":"info","message":"Server is listening on port 3000","timestamp":"2022-03-09T07:38:55.579Z"}
{"level":"info","message":"Server is listening on port 3000","timestamp":"2022-03-09T07:39:27.464Z"}
{"level":"info","message":"Server is listening on port 3000","timestamp":"2022-03-09T07:41:49.835Z"}
{"level":"info","message":"Fetching the lists of from DB","timestamp":"2022-03-09T07:50:16.445Z"}
{"level":"info","message":"Server is listening on port 3000","timestamp":"2022-03-09T08:00:35.371Z"}
{"level":"info","message":"User test@test.com logged in Successfully","timestamp":"2022-03-09T11:18:16.982Z"}
{"level":"info","message":"Fetching the lists of from DB","timestamp":"2022-03-09T11:18:17.293Z"}
{"level":"info","message":"Fetching the lists of from DB","timestamp":"2022-03-09T11:18:33.744Z"}
{"level":"info","message":"Fetching the lists of from DB","timestamp":"2022-03-09T11:18:37.125Z"}
{"level":"info","message":"Fetching the tasks of from DB","timestamp":"2022-03-09T11:18:37.309Z"}
{"level":"info","message":"Fetching the lists of from DB","timestamp":"2022-03-09T11:18:43.583Z"}
{"level":"info","message":"Fetching the tasks of from DB","timestamp":"2022-03-09T11:18:44.926Z"}
{"level":"info","message":"Fetching the lists of from DB","timestamp":"2022-03-09T11:18:44.927Z"}
{"level":"info","message":"Fetching the lists of from DB","timestamp":"2022-03-09T11:18:51.615Z"}
{"level":"info","message":"Fetching the tasks of from DB","timestamp":"2022-03-09T11:18:56.542Z"}
{"level":"info","message":"Fetching the lists of from DB","timestamp":"2022-03-09T11:18:56.544Z"}
{"level":"info","message":"Task name updated Successfully","timestamp":"2022-03-09T11:19:02.032Z"}
{"level":"info","message":"Fetching the lists of from DB","timestamp":"2022-03-09T11:19:02.088Z"}
{"level":"info","message":"Fetching the tasks of from DB","timestamp":"2022-03-09T11:19:02.091Z"}
{"level":"info","message":"Server is listening on port 3000","timestamp":"2022-03-09T11:20:58.528Z"}
{"level":"info","message":"User test@test.com logged in Successfully","timestamp":"2022-03-09T11:21:03.136Z"}
{"level":"info","message":"Fetching the lists of from DB","timestamp":"2022-03-09T11:21:03.275Z"}
{"level":"info","message":"Fetching the lists of from DB","timestamp":"2022-03-09T11:21:05.727Z"}
{"level":"info","message":"Fetching the tasks of from DB","timestamp":"2022-03-09T11:21:05.738Z"}
{"level":"info","message":"New List new list Created Successfully","timestamp":"2022-03-09T11:29:57.555Z"}
{"level":"info","message":"Fetching the tasks of from DB","timestamp":"2022-03-09T11:29:57.623Z"}
{"level":"info","message":"Fetching the lists of from DB","timestamp":"2022-03-09T11:29:57.629Z"}
{"level":"info","message":"Fetching the tasks of from DB","timestamp":"2022-03-09T11:31:25.187Z"}
{"level":"info","message":"Fetching the tasks of from DB","timestamp":"2022-03-09T11:31:26.454Z"}
{"level":"info","message":"Fetching the tasks of from DB","timestamp":"2022-03-09T11:31:28.903Z"}
{"level":"info","message":"Fetching the tasks of from DB","timestamp":"2022-03-09T11:31:30.457Z"}
{"level":"info","message":"Task name updated Successfully","timestamp":"2022-03-09T11:31:34.858Z"}
{"level":"info","message":"Fetching the tasks of from DB","timestamp":"2022-03-09T11:31:51.795Z"}
{"level":"info","message":"Fetching the lists of from DB","timestamp":"2022-03-09T11:31:51.807Z"}
